{"/Users/a1/Desktop/hexlet-project/frontend-project-46/src/buildTree.js": {"path":"/Users/a1/Desktop/hexlet-project/frontend-project-46/src/buildTree.js","statementMap":{"0":{"start":{"line":3,"column":18},"end":{"line":21,"column":1}},"1":{"start":{"line":4,"column":16},"end":{"line":4,"column":34}},"2":{"start":{"line":5,"column":16},"end":{"line":5,"column":34}},"3":{"start":{"line":6,"column":15},"end":{"line":6,"column":46}},"4":{"start":{"line":8,"column":19},"end":{"line":19,"column":4}},"5":{"start":{"line":9,"column":4},"end":{"line":11,"column":5}},"6":{"start":{"line":10,"column":6},"end":{"line":10,"column":55}},"7":{"start":{"line":11,"column":6},"end":{"line":13,"column":5}},"8":{"start":{"line":12,"column":6},"end":{"line":12,"column":57}},"9":{"start":{"line":13,"column":6},"end":{"line":17,"column":5}},"10":{"start":{"line":14,"column":6},"end":{"line":16,"column":8}},"11":{"start":{"line":18,"column":4},"end":{"line":18,"column":57}},"12":{"start":{"line":20,"column":2},"end":{"line":20,"column":18}}},"fnMap":{"0":{"name":"(anonymous_0)","decl":{"start":{"line":3,"column":18},"end":{"line":3,"column":19}},"loc":{"start":{"line":3,"column":36},"end":{"line":21,"column":1}},"line":3},"1":{"name":"(anonymous_1)","decl":{"start":{"line":8,"column":28},"end":{"line":8,"column":29}},"loc":{"start":{"line":8,"column":37},"end":{"line":19,"column":3}},"line":8}},"branchMap":{"0":{"loc":{"start":{"line":9,"column":4},"end":{"line":11,"column":5}},"type":"if","locations":[{"start":{"line":9,"column":4},"end":{"line":11,"column":5}},{"start":{},"end":{}}],"line":9},"1":{"loc":{"start":{"line":11,"column":6},"end":{"line":13,"column":5}},"type":"if","locations":[{"start":{"line":11,"column":6},"end":{"line":13,"column":5}},{"start":{},"end":{}}],"line":11},"2":{"loc":{"start":{"line":13,"column":6},"end":{"line":17,"column":5}},"type":"if","locations":[{"start":{"line":13,"column":6},"end":{"line":17,"column":5}},{"start":{},"end":{}}],"line":13}},"s":{"0":1,"1":1,"2":1,"3":1,"4":1,"5":5,"6":1,"7":4,"8":2,"9":2,"10":1,"11":1,"12":1},"f":{"0":1,"1":5},"b":{"0":[1,4],"1":[2,2],"2":[1,1]},"_coverageSchema":"1a1c01bbd47fc00a2c39e90264f33305004495a9","hash":"b146a5b9f8c5b06d51d66c2aac7905e982988250"}
,"/Users/a1/Desktop/hexlet-project/frontend-project-46/src/diffFormatter.js": {"path":"/Users/a1/Desktop/hexlet-project/frontend-project-46/src/diffFormatter.js","statementMap":{"0":{"start":{"line":1,"column":22},"end":{"line":18,"column":1}},"1":{"start":{"line":2,"column":17},"end":{"line":15,"column":15}},"2":{"start":{"line":3,"column":4},"end":{"line":14,"column":5}},"3":{"start":{"line":5,"column":8},"end":{"line":5,"column":48}},"4":{"start":{"line":7,"column":8},"end":{"line":7,"column":48}},"5":{"start":{"line":9,"column":8},"end":{"line":9,"column":86}},"6":{"start":{"line":11,"column":8},"end":{"line":11,"column":48}},"7":{"start":{"line":13,"column":8},"end":{"line":13,"column":54}},"8":{"start":{"line":17,"column":2},"end":{"line":17,"column":27}}},"fnMap":{"0":{"name":"(anonymous_0)","decl":{"start":{"line":1,"column":22},"end":{"line":1,"column":23}},"loc":{"start":{"line":1,"column":36},"end":{"line":18,"column":1}},"line":1},"1":{"name":"(anonymous_1)","decl":{"start":{"line":2,"column":30},"end":{"line":2,"column":31}},"loc":{"start":{"line":2,"column":40},"end":{"line":15,"column":3}},"line":2}},"branchMap":{"0":{"loc":{"start":{"line":3,"column":4},"end":{"line":14,"column":5}},"type":"switch","locations":[{"start":{"line":4,"column":6},"end":{"line":5,"column":48}},{"start":{"line":6,"column":6},"end":{"line":7,"column":48}},{"start":{"line":8,"column":6},"end":{"line":9,"column":86}},{"start":{"line":10,"column":6},"end":{"line":11,"column":48}},{"start":{"line":12,"column":6},"end":{"line":13,"column":54}}],"line":3}},"s":{"0":1,"1":1,"2":5,"3":1,"4":2,"5":1,"6":1,"7":0,"8":1},"f":{"0":1,"1":5},"b":{"0":[1,2,1,1,0]},"_coverageSchema":"1a1c01bbd47fc00a2c39e90264f33305004495a9","hash":"ee58c234ff71c3c17486cb5e0feb4077b93503b2"}
,"/Users/a1/Desktop/hexlet-project/frontend-project-46/src/helper.js": {"path":"/Users/a1/Desktop/hexlet-project/frontend-project-46/src/helper.js","statementMap":{"0":{"start":{"line":4,"column":19},"end":{"line":4,"column":49}},"1":{"start":{"line":5,"column":18},"end":{"line":5,"column":37}},"2":{"start":{"line":6,"column":23},"end":{"line":6,"column":89}},"3":{"start":{"line":6,"column":37},"end":{"line":6,"column":89}}},"fnMap":{"0":{"name":"(anonymous_0)","decl":{"start":{"line":6,"column":23},"end":{"line":6,"column":24}},"loc":{"start":{"line":6,"column":37},"end":{"line":6,"column":89}},"line":6}},"branchMap":{},"s":{"0":1,"1":1,"2":1,"3":3},"f":{"0":3},"b":{},"_coverageSchema":"1a1c01bbd47fc00a2c39e90264f33305004495a9","hash":"194ffa1f1c6bc6daa9e14d07e0196322b20253e4"}
,"/Users/a1/Desktop/hexlet-project/frontend-project-46/src/index.js": {"path":"/Users/a1/Desktop/hexlet-project/frontend-project-46/src/index.js","statementMap":{"0":{"start":{"line":7,"column":20},"end":{"line":7,"column":71}},"1":{"start":{"line":7,"column":34},"end":{"line":7,"column":71}},"2":{"start":{"line":8,"column":21},"end":{"line":8,"column":66}},"3":{"start":{"line":8,"column":35},"end":{"line":8,"column":66}},"4":{"start":{"line":10,"column":17},"end":{"line":10,"column":65}},"5":{"start":{"line":10,"column":31},"end":{"line":10,"column":65}},"6":{"start":{"line":12,"column":16},"end":{"line":16,"column":1}},"7":{"start":{"line":13,"column":18},"end":{"line":13,"column":36}},"8":{"start":{"line":14,"column":17},"end":{"line":14,"column":39}},"9":{"start":{"line":15,"column":2},"end":{"line":15,"column":32}},"10":{"start":{"line":18,"column":16},"end":{"line":27,"column":1}},"11":{"start":{"line":19,"column":24},"end":{"line":19,"column":46}},"12":{"start":{"line":20,"column":24},"end":{"line":20,"column":46}},"13":{"start":{"line":22,"column":16},"end":{"line":22,"column":38}},"14":{"start":{"line":23,"column":16},"end":{"line":23,"column":38}},"15":{"start":{"line":24,"column":19},"end":{"line":24,"column":42}},"16":{"start":{"line":26,"column":2},"end":{"line":26,"column":33}}},"fnMap":{"0":{"name":"(anonymous_0)","decl":{"start":{"line":7,"column":20},"end":{"line":7,"column":21}},"loc":{"start":{"line":7,"column":34},"end":{"line":7,"column":71}},"line":7},"1":{"name":"(anonymous_1)","decl":{"start":{"line":8,"column":21},"end":{"line":8,"column":22}},"loc":{"start":{"line":8,"column":35},"end":{"line":8,"column":66}},"line":8},"2":{"name":"(anonymous_2)","decl":{"start":{"line":10,"column":17},"end":{"line":10,"column":18}},"loc":{"start":{"line":10,"column":31},"end":{"line":10,"column":65}},"line":10},"3":{"name":"(anonymous_3)","decl":{"start":{"line":12,"column":16},"end":{"line":12,"column":17}},"loc":{"start":{"line":12,"column":30},"end":{"line":16,"column":1}},"line":12},"4":{"name":"(anonymous_4)","decl":{"start":{"line":18,"column":16},"end":{"line":18,"column":17}},"loc":{"start":{"line":18,"column":42},"end":{"line":27,"column":1}},"line":18}},"branchMap":{},"s":{"0":1,"1":2,"2":1,"3":2,"4":1,"5":3,"6":1,"7":2,"8":2,"9":2,"10":1,"11":1,"12":1,"13":1,"14":1,"15":1,"16":1},"f":{"0":2,"1":2,"2":3,"3":2,"4":1},"b":{},"_coverageSchema":"1a1c01bbd47fc00a2c39e90264f33305004495a9","hash":"ced99f56ee9a73ecb19a9b129c80cdf111736968"}
,"/Users/a1/Desktop/hexlet-project/frontend-project-46/src/parse.js": {"path":"/Users/a1/Desktop/hexlet-project/frontend-project-46/src/parse.js","statementMap":{"0":{"start":{"line":3,"column":14},"end":{"line":14,"column":1}},"1":{"start":{"line":4,"column":2},"end":{"line":13,"column":3}},"2":{"start":{"line":6,"column":6},"end":{"line":6,"column":30}},"3":{"start":{"line":8,"column":6},"end":{"line":8,"column":29}},"4":{"start":{"line":10,"column":6},"end":{"line":10,"column":29}},"5":{"start":{"line":12,"column":6},"end":{"line":12,"column":34}}},"fnMap":{"0":{"name":"(anonymous_0)","decl":{"start":{"line":3,"column":14},"end":{"line":3,"column":15}},"loc":{"start":{"line":3,"column":32},"end":{"line":14,"column":1}},"line":3}},"branchMap":{"0":{"loc":{"start":{"line":4,"column":2},"end":{"line":13,"column":3}},"type":"switch","locations":[{"start":{"line":5,"column":4},"end":{"line":6,"column":30}},{"start":{"line":7,"column":4},"end":{"line":8,"column":29}},{"start":{"line":9,"column":4},"end":{"line":10,"column":29}},{"start":{"line":11,"column":4},"end":{"line":12,"column":34}}],"line":4}},"s":{"0":1,"1":2,"2":2,"3":0,"4":0,"5":0},"f":{"0":2},"b":{"0":[2,0,0,0]},"_coverageSchema":"1a1c01bbd47fc00a2c39e90264f33305004495a9","hash":"c5404a6019b4ae8cc7a9686d69f0e789172026a8"}
}
