TN:
SF:src/buildTree.js
FN:3,(anonymous_0)
FN:8,(anonymous_1)
FNF:2
FNH:2
FNDA:1,(anonymous_0)
FNDA:5,(anonymous_1)
DA:3,1
DA:4,1
DA:5,1
DA:6,1
DA:8,1
DA:9,5
DA:10,1
DA:11,4
DA:12,2
DA:13,2
DA:14,1
DA:18,1
DA:20,1
LF:13
LH:13
BRDA:9,0,0,1
BRDA:9,0,1,4
BRDA:11,1,0,2
BRDA:11,1,1,2
BRDA:13,2,0,1
BRDA:13,2,1,1
BRF:6
BRH:6
end_of_record
TN:
SF:src/diffFormatter.js
FN:1,(anonymous_0)
FN:2,(anonymous_1)
FNF:2
FNH:2
FNDA:1,(anonymous_0)
FNDA:5,(anonymous_1)
DA:1,1
DA:2,1
DA:3,5
DA:5,1
DA:7,2
DA:9,1
DA:11,1
DA:13,0
DA:17,1
LF:9
LH:8
BRDA:3,0,0,1
BRDA:3,0,1,2
BRDA:3,0,2,1
BRDA:3,0,3,1
BRDA:3,0,4,0
BRF:5
BRH:4
end_of_record
TN:
SF:src/helper.js
FN:6,(anonymous_0)
FNF:1
FNH:1
FNDA:3,(anonymous_0)
DA:4,1
DA:5,1
DA:6,3
LF:3
LH:3
BRF:0
BRH:0
end_of_record
TN:
SF:src/index.js
FN:7,(anonymous_0)
FN:8,(anonymous_1)
FN:10,(anonymous_2)
FN:12,(anonymous_3)
FN:18,(anonymous_4)
FNF:5
FNH:5
FNDA:2,(anonymous_0)
FNDA:2,(anonymous_1)
FNDA:3,(anonymous_2)
FNDA:2,(anonymous_3)
FNDA:1,(anonymous_4)
DA:7,2
DA:8,2
DA:10,3
DA:12,1
DA:13,2
DA:14,2
DA:15,2
DA:18,1
DA:19,1
DA:20,1
DA:22,1
DA:23,1
DA:24,1
DA:26,1
LF:14
LH:14
BRF:0
BRH:0
end_of_record
TN:
SF:src/parse.js
FN:3,(anonymous_0)
FNF:1
FNH:1
FNDA:2,(anonymous_0)
DA:3,1
DA:4,2
DA:6,2
DA:8,0
DA:10,0
DA:12,0
LF:6
LH:3
BRDA:4,0,0,2
BRDA:4,0,1,0
BRDA:4,0,2,0
BRDA:4,0,3,0
BRF:4
BRH:1
end_of_record
